2700 343.3711 184.5836 240.4374 324.7656 437.3897 564.1879
2800 280.1619 156.3000 202.8475 273.1250 365.6635 472.8014
2900 218.8119 129.1174 167.5697 225.6250 302.0698 387.5749
3000 185.6631 110.5530 142.9547 191.8750 255.3552 325.8473
3100 147.2043 91.7249 119.2187 158.1250 209.1787 267.5424
3200 113.8907 75.3705 96.7634 129.0625 170.7328 216.6373
3300 88.1048 61.5448 78.7345 104.6875 138.4879 175.7228
3400 77.3892 53.0939 68.5047 90.3125 118.7517 151.0228
3500 56.8329 42.0709 53.8215 71.5625 94.0973 119.6686
3600 43.8874 34.0082 43.8000 57.6562 75.8120 96.4142
3700 41.4733 30.6070 39.1836 51.7188 68.0049 86.4854
3800 32.0907 24.6890 31.7404 41.7188 55.1885 70.5868
3900 27.2373 21.0596 27.0259 35.4688 47.2033 60.7078
4000 24.5794 18.5861 23.8945 31.4062 41.7967 53.7545
4100 23.3220 16.8755 21.6952 28.5156 37.9498 49.1879
4200 19.0256 14.1002 18.0384 23.9844 32.1106 41.8378
4300 14.8770 11.4656 14.7726 19.7656 26.6201 35.1219
4400 14.7549 10.7405 13.8384 18.5156 24.9366 33.1458
4500 12.0033 8.9667 11.5947 15.5625 21.3315 28.5402
4600 12.9827 8.9067 11.4964 15.4062 21.0560 28.2093
4700 10.4532 7.4242 9.5826 13.0625 18.0089 24.3699
4800 9.3774 6.5970 8.5457 11.6875 16.2996 22.2371
4900 9.0513 6.1135 7.9482 10.9062 15.2970 21.0899
5000 6.0336 4.5733 6.0434 8.4531 12.1258 17.1649
5100 6.2748 4.4549 5.8870 8.2344 11.8777 16.7620
5200 5.6163 3.9740 5.2923 7.4531 10.8696 15.5228
5300 5.7830 3.8539 5.1526 7.2812 10.6189 15.1648
5400 5.0203 3.3932 4.5577 6.5312 9.6293 13.9856
5500 3.3555 2.6089 3.5641 5.2383 8.0153 11.9412
5600 2.5650 2.1758 3.0371 4.5469 7.1024 10.8321
5700 2.5388 2.0838 2.9038 4.3906 6.8933 10.5763
5800 2.5129 1.9895 2.7847 4.2266 6.6694 10.2922
5900 2.4874 1.8957 2.6715 4.0781 6.5165 10.0564
6000 2.4625 1.8144 2.5663 3.9531 6.3167 9.8373
6100 2.4382 1.7427 2.4729 3.7969 6.1276 9.6409
6200 2.4150 1.6707 2.3773 3.7031 5.9763 9.4029
6300 2.3918 1.6004 2.2957 3.5781 5.8316 9.2633
6400 2.3692 1.5414 2.2141 3.4766 5.7215 9.0939
6500 2.3473 1.4768 2.1421 3.3906 5.5801 8.9430
6600 2.3266 1.4231 2.0745 3.2969 5.4784 8.7820
6700 2.3063 1.3701 2.0074 3.2031 5.3737 8.6145
6800 2.2891 1.3245 1.9504 3.1250 5.2426 8.5375
6900 2.2704 1.2827 1.8849 3.0547 5.1733 8.3886
7000 2.2525 1.2383 1.8290 2.9766 5.0410 8.2680
7100 2.2353 1.1952 1.7794 2.9141 4.9816 8.1641
7200 2.2189 1.1584 1.7338 2.8516 4.9203 8.0558
7300 2.2033 1.1222 1.6886 2.7891 4.8124 7.9939
7400 2.1884 1.0857 1.6473 2.7383 4.7685 7.9097
7500 2.1741 1.0581 1.6145 2.6953 4.6936 7.8403
7600 2.1604 1.0294 1.5670 2.6484 4.6120 7.7578
7700 2.1474 1.0010 1.5324 2.6016 4.5719 7.6762
7800 2.1351 0.9755 1.4998 2.5547 4.5302 7.5913
7900 2.1237 0.9502 1.4735 2.5078 4.4671 7.5519
8000 2.1126 0.9263 1.4410 2.4766 4.4312 7.5066
