2700 556.9708 334.2664 435.4131 588.1250 792.0784 1021.6999
2800 462.5910 283.1374 367.4580 494.7656 662.3990 849.9003
2900 370.1929 236.1475 305.9149 411.2500 547.3086 698.3959
3000 309.4289 200.0363 257.7330 344.8438 456.1833 583.4645
3100 234.1188 162.4207 208.5216 278.1250 367.9231 466.8456
3200 180.8708 131.9080 170.1951 224.3750 296.8188 373.6122
3300 141.7702 107.6465 138.6405 182.5000 239.9688 302.7201
3400 130.0746 94.5488 121.5526 159.7656 208.8017 261.8255
3500 100.0497 76.3245 97.7731 128.1250 167.4498 209.9725
3600 78.8550 62.3969 79.6490 104.0625 136.0019 170.5387
3700 71.5636 54.8822 69.8113 90.9375 118.1236 148.4431
3800 60.1268 46.2067 58.7759 76.5625 99.4511 124.9779
3900 51.5358 39.6722 50.2889 65.3125 84.8379 106.6138
4000 42.1357 32.9337 41.7470 54.2188 70.4276 89.2426
4100 40.0365 29.8965 37.8971 49.2188 63.9329 81.0127
4200 30.6699 24.0121 30.4380 39.5312 51.6644 65.8552
4300 22.6033 18.7184 23.8102 31.0156 40.7824 52.2833
4400 20.7128 16.6298 21.2278 27.7344 36.6890 47.2979
4500 16.8442 13.8361 17.5776 23.2266 30.9109 40.0646
4600 18.3961 13.8847 17.5788 23.1562 30.7250 39.8722
4700 15.0660 11.5770 14.7587 19.5625 26.1905 34.3845
4800 12.9914 9.9976 12.8125 17.0625 22.9795 30.3187
4900 13.0510 9.5581 12.2493 16.3125 21.9694 29.2019
5000 9.7267 7.5262 9.6456 13.0625 17.9048 24.2963
5100 8.6038 6.6249 8.5510 11.6562 16.1631 21.9627
5200 8.1795 6.1208 7.9288 10.8438 15.1229 20.7712
5300 8.5570 6.0150 7.7917 10.6562 14.8614 20.4120
5400 7.9823 5.5179 7.1739 9.8438 13.8067 19.1613
5500 4.7950 3.8157 5.0815 7.1562 10.4366 14.9930
5600 3.3363 2.9550 3.9874 5.7969 8.6852 12.8419
5700 3.3484 2.8217 3.8446 5.5781 8.4464 12.4715
5800 3.3650 2.7215 3.7025 5.4219 8.2098 12.1868
5900 3.3750 2.6211 3.5733 5.2422 7.9795 11.9290
6000 2.5612 2.1608 3.0163 4.5156 7.0536 10.7576
6100 2.5373 2.0690 2.9011 4.3594 6.8442 10.5011
6200 2.5136 1.9948 2.7798 4.2031 6.6659 10.2490
6300 2.4904 1.9037 2.6766 4.0781 6.5165 10.0564
6400 2.4676 1.8299 2.5846 3.9531 6.3167 9.8373
6500 2.4454 1.7570 2.4933 3.8281 6.1780 9.6349
6600 2.4236 1.6959 2.4177 3.7266 6.0141 9.4624
6700 2.4025 1.6283 2.3279 3.6406 5.8754 9.3254
6800 2.3816 1.5794 2.2580 3.5312 5.7552 9.1420
6900 2.3620 1.5175 2.1904 3.4531 5.6829 9.0326
7000 2.3422 1.4632 2.1224 3.3594 5.5287 8.8606
7100 2.3231 1.4160 2.0590 3.2656 5.4264 8.7691
7200 2.3048 1.3701 2.0074 3.2031 5.3226 8.6013
7300 2.2892 1.3245 1.9504 3.1250 5.2426 8.4709
7400 2.2721 1.2827 1.8988 3.0547 5.1733 8.4207
7500 2.2555 1.2432 1.8431 2.9883 5.0609 8.3006
7600 2.2397 1.2074 1.7927 2.9297 5.0083 8.2079
7700 2.2243 1.1704 1.7470 2.8672 4.9015 8.0924
7800 2.2096 1.1402 1.7112 2.8203 4.8663 8.0255
7900 2.1954 1.1073 1.6709 2.7656 4.7720 7.9267
8000 2.1819 1.0748 1.6309 2.7109 4.7208 7.8307
