2400 2160.2179 1312.0300 1721.8608 2340.6250 3189.6396 4156.2612
2500 1802.3883 1111.4435 1453.1510 1969.0625 2667.6028 3484.6411
2600 1535.3923 941.2256 1230.6006 1667.5000 2245.7651 2918.8760
2700 1303.1774 802.0972 1044.8065 1411.2500 1900.6514 2451.6455
2800 1073.1720 675.9888 881.2512 1181.2500 1581.4736 2029.1318
2900 859.3836 563.5681 731.9819 978.1250 1301.7294 1661.0782
3000 713.7350 474.5764 616.8270 818.1250 1082.2726 1373.2604
3100 580.5286 396.0144 512.8258 678.1250 891.6648 1124.8333
3200 462.1244 327.0142 421.9321 556.2500 726.9772 911.5881
3300 371.1887 270.0073 347.1234 456.2500 596.2847 747.7071
3400 323.8220 232.1381 297.3734 389.6875 506.1858 630.8087
3500 262.6431 192.6245 245.8835 321.2500 414.7277 517.9343
3600 206.1768 156.5369 199.1183 259.3750 334.8482 414.6306
3700 177.4818 134.0125 169.8755 220.6250 283.0639 351.2361
3800 144.1302 111.1853 140.4553 181.8750 231.8973 285.8418
3900 120.9247 93.4387 118.0915 151.8750 194.8570 239.7001
4000 90.2062 73.2513 92.2200 119.0625 151.8091 187.1233
4100 79.6785 64.0424 80.3544 103.4375 131.8866 162.5664
4200 63.5478 52.0465 65.3031 84.0625 107.1828 132.1159
4300 48.2949 41.2115 51.7084 66.5625 84.8696 105.5305
4400 40.1398 34.5364 43.3331 55.7812 71.1232 89.2070
4500 36.0977 30.3766 38.1137 49.0625 62.9476 78.7815
4600 33.1968 27.2277 34.1628 43.9766 56.4223 70.6149
4700 29.5292 23.9337 30.0297 38.6562 49.9045 62.8519
4800 23.7198 19.6298 24.7130 31.9062 41.4447 52.5168
4900 21.7533 17.6832 22.2623 28.7422 37.3348 47.7000
5000 17.2231 14.3584 18.1695 23.5625 30.9823 40.0372
5100 14.5471 12.1929 15.3845 20.2031 26.7261 34.7254
5200 13.9017 11.2802 14.2813 18.8125 24.8865 32.5876
5300 13.0871 10.3807 13.1426 17.3125 23.1782 30.4298
5400 11.3136 8.9694 11.4345 15.1562 20.4122 27.1320
5500 7.1090 6.2413 8.1000 10.9062 15.2101 20.7506
5600 5.8950 5.2726 6.8550 9.4062 13.2681 18.4796
5700 6.0636 5.1588 6.7070 9.2031 12.9816 18.0805
5800 5.4522 4.6119 6.0405 8.3438 11.9024 16.7957
5900 5.5641 4.5082 5.9047 8.1562 11.7000 16.4597
6000 4.0899 3.5231 4.6858 6.6562 9.7605 14.1409
6100 3.3682 2.9937 4.0456 5.8281 8.7320 12.8409
6200 3.3754 2.8913 3.9232 5.6719 8.4979 12.5650
6300 3.3902 2.8037 3.7832 5.5000 8.2843 12.2737
6400 3.4016 2.7111 3.6732 5.3594 8.1152 12.0463
6500 3.4100 2.6320 3.5661 5.2031 7.9200 11.8401
6600 3.4225 2.5490 3.4678 5.0781 7.7703 11.6360
6700 2.5293 2.0561 2.8526 4.2969 6.7461 10.3505
6800 2.5088 1.9800 2.7592 4.1719 6.5997 10.1659
6900 2.4883 1.9122 2.6766 4.0625 6.4429 9.9985
7000 2.4681 1.8376 2.5896 3.9531 6.3167 9.8373
7100 2.4483 1.7714 2.5136 3.8594 6.1669 9.6910
7200 2.4290 1.7137 2.4350 3.7656 6.0772 9.4776
7300 2.4101 1.6566 2.3573 3.6719 5.9259 9.3235
7400 2.3917 1.6004 2.2957 3.5781 5.8316 9.1844
7500 2.3735 1.5602 2.2305 3.4883 5.7408 9.0485
7600 2.3558 1.5038 2.1706 3.4219 5.6315 8.9509
7700 2.3385 1.4626 2.1111 3.3281 5.5303 8.8652
7800 2.3217 1.4160 2.0590 3.2656 5.4264 8.6988
7900 2.3058 1.3763 2.0114 3.2031 5.3226 8.6013
8000 2.2898 1.3311 1.9602 3.1406 5.2688 8.5133
