2700 75.3956 42.5665 55.8628 75.9375 104.0877 136.2899
2800 61.4739 36.1603 47.2776 64.0625 87.8106 114.9771
2900 58.1545 31.9687 41.9546 57.0312 77.2635 101.6792
3000 68.8796 28.1345 36.7843 49.8438 67.5262 88.8648
3100 47.4518 23.3719 30.5575 41.4062 56.0954 73.8219
3200 29.3459 18.9157 24.6395 33.2812 45.6187 60.1662
3300 22.4627 15.4588 20.2876 27.5781 37.5815 50.0553
3400 18.7031 13.1816 17.2991 23.5156 32.2329 42.8187
3500 17.7118 10.9044 14.3105 19.4531 26.9746 36.1508
3600 16.4758 10.1161 13.2760 18.0469 25.0246 33.7707
3700 13.9549 9.0889 11.8602 16.3281 22.6413 30.5545
3800 10.9566 7.5517 9.9095 13.7109 19.2308 26.3380
3900 11.4328 7.1391 9.3857 13.0078 18.2446 24.9873
4000 10.6958 5.9808 7.9429 11.0547 15.6815 21.7763
4100 9.1251 5.6004 7.4377 10.3516 14.7666 20.5763
4200 8.0310 4.9363 6.5737 9.2578 13.2801 18.6827
4300 8.6186 4.7697 6.3845 8.9453 12.9032 18.2092
4400 8.1608 4.3948 5.8526 8.2422 12.0204 17.0643
4500 7.9056 3.8134 5.1119 7.3125 10.7520 15.4623
4600 8.1030 3.7971 5.1172 7.2812 10.7060 15.3962
4700 6.0840 3.2020 4.3567 6.2812 9.4109 13.7636
4800 6.3461 3.0905 4.2108 6.1094 9.1534 13.4606
4900 6.5711 2.9956 4.0815 5.9219 8.9197 13.1441
5000 5.7236 2.4848 3.4383 5.1094 7.8588 11.7878
5100 5.8114 2.4544 3.3962 5.0469 7.7627 11.6436
5200 5.8809 2.4392 3.3752 5.0156 7.7146 11.5715
5300 6.0127 2.3633 3.2700 4.8594 7.5130 11.4286
5400 4.7866 2.0226 2.8310 4.2969 6.7804 10.4635
5500 3.5638 1.6143 2.3079 3.6094 5.8825 9.3442
5600 2.3132 1.3801 2.0220 3.2266 5.4130 8.6775
5700 2.2994 1.3443 1.9797 3.1719 5.3212 8.5980
5800 2.2761 1.2893 1.9015 3.0703 5.1998 8.4638
5900 2.2539 1.2315 1.8285 2.9883 5.0609 8.3006
6000 2.2094 1.1292 1.7039 2.8203 4.8663 8.0255
6100 2.2054 1.1230 1.6945 2.8047 4.8394 7.9810
6200 2.1944 1.1042 1.6662 2.7578 4.8025 7.9661
6300 2.1769 1.0581 1.6145 2.6953 4.6936 7.8403
6400 2.1603 1.0268 1.5652 2.6484 4.6120 7.7578
6500 2.1264 0.9537 1.4749 2.5234 4.4748 7.5485
6600 2.1228 0.9478 1.4658 2.5078 4.4471 7.5514
6700 2.1171 0.9370 1.4534 2.4922 4.4591 7.5053
6800 2.1046 0.9098 1.4197 2.4453 4.3752 7.4119
6900 2.0927 0.8841 1.3921 2.4141 4.3386 7.3174
7000 2.0674 0.8326 1.3318 2.3359 4.2168 7.0807
7100 2.0642 0.8271 1.3229 2.3203 4.2256 7.0336
7200 2.0617 0.8215 1.3140 2.3047 4.1971 6.9863
7300 2.0528 0.8047 1.2860 2.2891 4.1687 6.9389
7400 2.0444 0.7871 1.2697 2.2578 4.1478 6.8444
7500 2.0262 0.7525 1.2203 2.1953 4.0679 6.6553
7600 2.0245 0.7482 1.2174 2.1953 4.0679 6.6553
7700 2.0228 0.7439 1.2145 2.1953 4.0679 6.6553
7800 2.0165 0.7333 1.1972 2.1641 4.0445 6.5608
7900 2.0108 0.7196 1.1829 2.1484 4.0153 6.5134
8000 1.9978 0.6926 1.1545 2.1172 3.9569 6.4187
