2700 914.4808 528.0414 687.8232 929.0625 1251.2482 1613.9818
2800 766.9390 449.9438 583.9409 786.2500 1052.6422 1350.6073
2900 593.3474 370.5505 479.1544 643.1250 855.8975 1092.1722
3000 503.3524 315.9613 410.6682 544.6875 720.5505 914.2830
3100 392.3928 259.3256 335.8182 444.0625 583.8966 742.5721
3200 314.7779 215.3149 277.8115 366.2500 478.6614 605.1755
3300 244.7467 175.3198 225.3925 296.2500 387.1766 485.4975
3400 208.4278 148.6890 191.1556 251.2500 326.3620 406.7123
3500 168.7521 123.6694 157.8629 206.2500 267.9091 333.8683
3600 128.9783 99.2972 126.3082 164.5312 212.4067 265.2650
3700 111.4076 84.8694 107.9557 140.6250 180.4231 225.8070
3800 89.9121 70.0433 88.7876 115.3125 147.9470 185.1617
3900 75.6179 59.1284 74.8226 97.0312 124.4920 155.8068
4000 59.2610 47.7979 60.4846 78.4375 100.6360 125.9501
4100 55.2107 42.9840 54.2997 70.3125 90.2116 111.9379
4200 42.7686 34.4827 43.5604 56.4062 72.8194 90.9408
4300 30.9893 26.4798 33.5660 43.5938 56.2787 70.8799
4400 25.5023 22.1140 28.0319 36.4062 47.2900 59.9237
4500 20.6537 18.2019 23.1129 30.0625 39.2894 50.4884
4600 21.9402 17.9569 22.7623 29.5625 38.6360 49.2482
4700 17.2068 14.5221 18.3979 24.0625 31.8315 41.0359
4800 14.9007 12.5356 15.8708 20.9062 27.8229 36.3414
4900 13.0114 10.9088 13.8587 18.3125 24.5170 32.1874
5000 10.1724 8.7963 11.2930 15.0625 20.4060 27.2513
5100 8.5525 7.4767 9.6681 12.9766 17.7870 24.1365
5200 8.2535 6.9566 9.0283 12.1562 16.7595 22.6792
5300 8.6258 6.8871 8.8264 11.9531 16.4795 22.4555
5400 8.1812 6.3486 8.2392 11.0938 15.4715 21.1074
5500 5.3102 4.5793 6.0204 8.3438 11.9689 16.8381
5600 3.9816 3.6555 4.8745 6.9062 10.1271 14.5871
5700 4.0342 3.5218 4.7272 6.7031 9.8292 14.2405
5800 4.0835 3.4059 4.5657 6.5312 9.5772 13.9557
5900 4.1398 3.3082 4.4347 6.3438 9.3528 13.6617
6000 3.3686 2.8117 3.8151 5.5156 8.3518 12.3975
6100 3.3847 2.7111 3.6835 5.3594 8.1579 12.1321
6200 3.3939 2.6117 3.5734 5.2031 7.9200 11.8401
6300 3.4118 2.5291 3.4551 5.0781 7.7703 11.6360
6400 3.4190 2.4398 3.3472 4.9375 7.5944 11.3913
6500 3.4347 2.3703 3.2518 4.7969 7.4164 11.1976
6600 3.4509 2.2964 3.1613 4.7031 7.2714 10.9787
6700 2.4663 1.8299 2.5846 3.9531 6.3167 9.8373
6800 2.4454 1.7645 2.4981 3.8281 6.1780 9.6349
6900 2.4249 1.7012 2.4253 3.7383 6.0330 9.4921
7000 2.4049 1.6425 2.3372 3.6406 5.9335 9.3449
7100 2.3854 1.5864 2.2680 3.5469 5.7807 9.1824
7200 2.3663 1.5310 2.1992 3.4531 5.6829 9.0326
7300 2.3477 1.4834 2.1465 3.3906 5.5801 8.8691
7400 2.3302 1.4359 2.0829 3.2969 5.4784 8.7820
7500 2.3125 1.3927 2.0303 3.2266 5.3615 8.6642
7600 2.2954 1.3443 1.9725 3.1719 5.2707 8.5174
7700 2.2812 1.3079 1.9261 3.0859 5.2017 8.4363
7800 2.2653 1.2696 1.8725 3.0234 5.1204 8.3346
7900 2.2498 1.2350 1.8242 2.9688 5.0278 8.2463
8000 2.2350 1.2009 1.7831 2.9141 4.9816 8.1641
