2700 37.0523 18.6087 24.7038 33.9062 47.2863 63.2030
2800 33.5330 16.3362 21.6870 29.7656 41.5117 55.4847
2900 28.2877 14.1066 18.7271 25.7031 35.8460 48.2425
3000 32.3804 12.5201 16.4602 22.8125 31.8147 42.8171
3100 21.6085 10.7281 14.2979 19.6875 27.5350 37.2598
3200 18.1126 9.2899 12.2833 17.1094 23.9974 32.6472
3300 14.3276 7.8828 10.4690 14.5703 20.6685 28.3323
3400 10.6921 6.5609 8.7597 12.3047 17.5527 24.3034
3500 9.4713 5.4790 7.3253 10.3516 14.9316 20.9425
3600 8.3735 5.1102 6.8594 9.7266 14.0301 19.7995
3700 8.3643 4.7056 6.3416 9.0234 13.0878 18.5255
3800 6.4279 3.9830 5.3971 7.7539 11.4319 16.4139
3900 6.9162 3.7735 5.1201 7.4023 10.9136 15.7603
4000 6.5990 3.2843 4.4935 6.5430 9.8030 14.3371
4100 5.7395 3.0882 4.2253 6.1523 9.3159 13.6819
4200 6.0441 2.9377 4.0133 5.8984 8.9314 13.1876
4300 6.3333 2.7892 3.8488 5.6445 8.5919 12.7776
4400 6.6029 2.6714 3.6805 5.4492 8.3381 12.4220
4500 6.9861 2.4696 3.4173 5.0781 7.8512 11.7948
4600 7.0658 2.4696 3.4173 5.0781 7.8512 11.7948
4700 5.9433 2.1728 3.0278 4.5781 7.1877 10.9228
4800 6.0807 2.0814 2.9316 4.4219 6.9776 10.6668
4900 6.2015 2.0058 2.8202 4.2969 6.8146 10.4776
5000 6.3687 1.8654 2.6408 4.0469 6.4665 10.0705
5100 6.3981 1.8718 2.6561 4.0781 6.5165 10.0564
5200 6.4776 1.8144 2.5747 3.9531 6.3798 9.9495
5300 6.5455 1.7563 2.5039 3.8594 6.2285 9.7136
5400 5.1714 1.4904 2.1694 3.4219 5.6315 9.0255
5500 3.7491 1.2202 1.8118 2.9609 5.0618 8.2954
5600 2.1772 1.0581 1.6145 2.6953 4.6936 7.8403
5700 2.1585 1.0207 1.5686 2.6328 4.6268 7.7156
5800 2.1416 0.9865 1.5185 2.5703 4.5579 7.6378
5900 2.1256 0.9537 1.4749 2.5234 4.4748 7.5485
6000 2.0989 0.8969 1.4058 2.4297 4.3473 7.3646
6100 2.0945 0.8888 1.3952 2.4141 4.3578 7.3175
6200 2.0843 0.8680 1.3709 2.3828 4.3014 7.2228
6300 2.0725 0.8428 1.3438 2.3516 4.2450 7.1281
6400 2.0617 0.8215 1.3140 2.3047 4.1971 6.9863
6500 2.0433 0.7849 1.2625 2.2578 4.1478 6.8444
6600 2.0419 0.7841 1.2590 2.2490 4.1316 6.8178
6700 2.0342 0.7676 1.2406 2.2266 4.0903 6.7497
6800 2.0264 0.7525 1.2203 2.1953 4.0679 6.6553
6900 2.0193 0.7386 1.2058 2.1797 4.0390 6.6079
7000 2.0067 0.7123 1.1729 2.1328 3.9861 6.4660
7100 2.0040 0.7061 1.1687 2.1328 3.9861 6.4660
7200 2.0011 0.7009 1.1601 2.1172 3.9907 6.4189
7300 1.9960 0.6916 1.1488 2.1016 3.9612 6.3716
7400 1.9914 0.6804 1.1361 2.0859 3.9318 6.3242
7500 1.9769 0.6652 1.1207 2.0703 3.9023 6.2768
7600 1.9749 0.6601 1.1123 2.0547 3.9056 6.2297
7700 1.9735 0.6561 1.1096 2.0547 3.9056 6.2297
7800 1.9702 0.6501 1.1055 2.0547 3.8893 6.2296
7900 1.9671 0.6432 1.0958 2.0391 3.8759 6.1823
8000 1.9616 0.6303 1.0793 2.0234 3.8462 6.1350
