2700 18.1898 10.4485 13.9307 19.4531 27.2848 37.3684
2800 15.6933 9.0218 12.0285 16.7969 23.6930 32.5714
2900 14.8667 7.9937 10.6578 14.8828 21.1118 29.1286
3000 16.0154 6.8941 9.1811 12.9297 18.4443 25.5378
3100 13.4938 6.3474 8.4863 11.9922 17.1069 23.8374
3200 11.6077 5.5207 7.4104 10.5078 15.1570 21.2586
3300 9.1555 4.7056 6.3416 9.0234 13.1597 18.6818
3400 8.2069 4.1535 5.6435 8.0859 11.8570 17.0787
3500 9.4776 3.7735 5.1343 7.4023 10.9726 15.8848
3600 8.6964 3.6042 4.8905 7.0703 10.5368 15.2903
3700 6.9971 3.0836 4.2369 6.1914 9.3257 13.7424
3800 5.1300 2.5931 3.5881 5.3320 8.2013 12.3015
3900 5.3838 2.4404 3.3915 5.0586 7.8614 11.7982
4000 5.7349 2.2155 3.1064 4.6680 7.3101 11.1289
4100 3.3901 1.8557 2.6332 4.0430 6.5247 10.0855
4200 3.4379 1.7404 2.4929 3.8574 6.2253 9.7947
4300 3.4960 1.6395 2.3654 3.6816 6.0003 9.4501
4400 3.5536 1.5492 2.2363 3.5254 5.8019 9.2216
4500 3.6340 1.4102 2.0661 3.2969 5.4784 8.7820
4600 3.6551 1.3968 2.0465 3.2656 5.4264 8.7691
4700 3.6968 1.3311 1.9602 3.1406 5.2688 8.5802
4800 3.7286 1.2708 1.8770 3.0547 5.1733 8.4207
4900 3.7486 1.2144 1.8080 2.9609 5.0618 8.2339
5000 3.7866 1.1230 1.6945 2.8047 4.8394 8.0387
5100 3.7947 1.1230 1.6945 2.8047 4.8394 7.9810
5200 3.8122 1.0857 1.6473 2.7383 4.7685 7.9097
5300 3.8266 1.0468 1.6017 2.6797 4.6664 7.7949
5400 2.0801 0.8600 1.3604 2.3672 4.2732 7.1754
5500 2.0557 0.8115 1.3021 2.2891 4.2052 6.9392
5600 2.0530 0.8047 1.2860 2.2891 4.1687 6.9389
5700 2.0413 0.7809 1.2616 2.2461 4.1262 6.8089
5800 2.0308 0.7600 1.2304 2.2109 4.0969 6.7026
5900 2.0213 0.7429 1.2087 2.1797 4.0390 6.6079
6000 2.0063 0.7102 1.1715 2.1328 3.9861 6.4660
6100 2.0050 0.7102 1.1715 2.1328 3.9861 6.4660
6200 1.9982 0.6947 1.1559 2.1172 3.9569 6.4187
6300 1.9920 0.6834 1.1432 2.1016 3.9612 6.3716
6400 1.9865 0.6717 1.1277 2.0781 3.9171 6.3005
6500 1.9714 0.6521 1.1069 2.0547 3.9056 6.2297
6600 1.9709 0.6521 1.1069 2.0547 3.9056 6.2297
6700 1.9669 0.6432 1.0958 2.0391 3.8759 6.1823
6800 1.9634 0.6343 1.0820 2.0234 3.8785 6.1352
6900 1.9602 0.6284 1.0752 2.0234 3.8462 6.1350
7000 1.9549 0.6176 1.0602 2.0078 3.8486 6.0878
7100 1.9547 0.6176 1.0602 2.0078 3.8486 6.0878
7200 1.9523 0.6134 1.0557 1.9941 3.8223 6.0464
7300 1.9502 0.6077 1.0526 1.9883 3.8111 6.0286
7400 1.9484 0.6042 1.0464 1.9766 3.8202 5.9933
7500 1.9453 0.5964 1.0385 1.9766 3.7887 5.9931
7600 1.9453 0.5964 1.0385 1.9766 3.7887 5.9931
7700 1.9440 0.5945 1.0345 1.9766 3.7887 5.9931
7800 1.9428 0.5917 1.0330 1.9609 3.7900 5.9459
7900 1.9417 0.5879 1.0304 1.9609 3.7900 5.9459
8000 1.9399 0.5841 1.0224 1.9609 3.7900 5.9459
