2400 1928.1737 1152.6245 1512.6628 2056.2500 2802.1133 3678.2529
2500 1588.3703 972.0703 1273.3108 1728.1250 2341.1909 3058.2551
2600 1355.2730 826.5710 1080.6960 1464.3750 1972.1993 2563.3159
2700 1139.3592 702.6343 915.2468 1236.2500 1660.0361 2143.8406
2800 950.5487 594.7986 771.9345 1039.3750 1391.5294 1785.4213
2900 759.7817 495.1477 643.1151 859.3750 1143.6920 1459.4139
3000 638.3658 419.4690 545.2015 723.1250 956.6000 1213.7986
3100 511.2184 348.2007 450.9086 596.2500 784.0076 989.0239
3200 413.5802 288.8013 372.6277 491.2500 645.9434 808.2322
3300 329.1513 238.2422 305.7376 401.2500 524.4037 657.5725
3400 286.7209 204.4006 261.8412 343.1250 445.7033 555.4354
3500 227.8229 167.8906 214.3109 280.0000 361.4747 451.4291
3600 179.9697 136.9226 174.1685 226.8750 292.8914 362.6769
3700 150.8789 115.7898 146.7762 190.6250 244.5736 303.4760
3800 123.3393 95.9021 121.1487 156.8750 201.2720 249.7458
3900 103.8140 81.1340 102.1440 131.8750 169.1968 208.1346
4000 79.0170 64.4073 81.0858 104.6875 134.3150 165.2254
4100 71.1887 56.6208 71.2829 92.0312 117.3432 144.6399
4200 55.0670 45.4681 57.0492 73.4375 94.2210 116.9129
4300 42.3813 36.1633 45.4509 58.5938 75.1763 94.0862
4400 35.5684 30.4733 38.3645 49.5312 63.5490 79.5342
4500 30.9593 26.2724 33.0758 42.7031 55.1289 69.4318
4600 30.4068 24.7511 31.0554 39.9766 51.6090 64.9986
4700 26.4311 21.3025 26.8188 34.6250 44.7002 56.7708
4800 21.0544 17.3846 21.9612 28.4375 37.1657 47.3741
4900 18.8909 15.4248 19.5189 25.3125 33.0815 42.5111
5000 15.6215 12.9457 16.2793 21.3125 28.1937 36.6322
5100 12.8173 10.7859 13.6556 17.9883 24.0830 31.6176
5200 12.7995 10.3152 13.0596 17.2031 23.0318 30.2375
5300 11.8850 9.3777 11.9135 15.7422 21.2014 28.1810
5400 10.0195 7.9733 10.2002 13.5625 18.4820 24.7942
5500 6.5209 5.6974 7.3804 10.0938 14.1574 19.5187
5600 5.2600 4.7165 6.2008 8.5938 12.1905 17.1464
5700 5.4016 4.6119 6.0405 8.3438 11.9689 16.8381
5800 5.5193 4.4935 5.9076 8.1875 11.7448 16.5227
5900 5.6589 4.4078 5.7949 8.0312 11.5207 16.2074
6000 4.1124 3.4315 4.5818 6.5312 9.5772 13.8753
6100 3.3688 2.9073 3.9448 5.7031 8.5447 12.6343
6200 3.3801 2.8117 3.8151 5.5156 8.3518 12.3317
6300 3.3953 2.7111 3.6939 5.3594 8.1152 12.1102
6400 3.4040 2.6235 3.5895 5.2266 7.9557 11.8315
6500 3.4166 2.5490 3.4678 5.0781 7.7703 11.6360
6600 3.4347 2.4669 3.3701 4.9531 7.6185 11.4273
6700 2.5113 1.9784 2.7692 4.2031 6.6324 10.2352
6800 2.4902 1.9116 2.6817 4.0781 6.4677 10.0369
6900 2.4697 1.8453 2.5946 3.9531 6.3167 9.8373
7000 2.4496 1.7789 2.5185 3.8594 6.1669 9.6910
7100 2.4299 1.7137 2.4431 3.7656 6.0772 9.4776
7200 2.4106 1.6566 2.3651 3.6719 5.9259 9.3235
7300 2.3919 1.6004 2.2957 3.5781 5.8316 9.1844
7400 2.3733 1.5534 2.2261 3.4883 5.7408 9.0485
7500 2.3553 1.5038 2.1706 3.4219 5.6315 8.9509
7600 2.3377 1.4626 2.1111 3.3281 5.5303 8.7935
7700 2.3213 1.4096 2.0548 3.2656 5.4264 8.6988
7800 2.3045 1.3701 2.0074 3.2031 5.3226 8.6013
7900 2.2882 1.3311 1.9460 3.1406 5.2688 8.5133
8000 2.2747 1.2893 1.9015 3.0703 5.1508 8.3881
