2700 207.3817 92.6056 121.0767 164.0625 222.2650 288.1795
2800 170.6455 79.2151 103.1851 139.3750 187.7083 243.9690
2900 139.6879 67.3151 87.6842 118.4375 158.5657 205.0249
3000 120.5405 58.4784 75.8937 102.1875 136.8100 176.8948
3100 90.3227 47.7484 61.9683 83.4375 111.0421 142.8105
3200 70.9590 39.7919 51.4544 69.0625 91.9112 119.1291
3300 57.4007 33.4451 43.0917 57.6562 77.1910 99.0410
3400 50.6181 29.0945 37.8154 50.1562 67.1499 86.1576
3500 38.1218 23.6563 30.4795 40.7812 54.5985 70.5956
3600 33.8401 20.6860 26.7005 35.7812 47.6192 61.7207
3700 32.0713 18.7166 24.1150 32.2656 43.1977 55.8544
3800 23.6855 14.9500 19.2967 25.8594 34.8270 45.6078
3900 20.9647 13.0989 16.9380 22.7344 30.7996 40.5324
4000 20.1448 12.0186 15.5411 20.8594 28.2594 37.4643
4100 18.7246 10.8482 14.0277 18.8281 25.6576 34.1737
4200 14.0204 8.7252 11.3654 15.3516 21.1648 28.4411
4300 11.6910 7.4229 9.7415 13.2422 18.3622 25.1221
4400 11.7127 7.0287 9.1382 12.5391 17.4872 23.8573
4500 10.6545 6.2701 8.2123 11.3438 15.9106 21.9359
4600 11.3976 6.1752 8.1350 11.0938 15.6484 21.5123
4700 8.9715 5.1257 6.7643 9.4062 13.4181 18.6972
4800 8.3969 4.6832 6.1886 8.6562 12.4517 17.5990
4900 7.7425 4.2406 5.6473 7.9531 11.5354 16.4270
5000 7.0145 3.8091 5.1129 7.2500 10.6312 15.2239
5100 7.2812 3.7270 4.9764 7.0938 10.4020 14.9831
5200 6.3989 3.2907 4.4469 6.4062 9.4961 13.8252
5300 6.6094 3.1984 4.3221 6.2266 9.2793 13.5410
5400 5.5853 2.7843 3.8095 5.5469 8.3991 12.4678
5500 3.4137 2.0900 2.9189 4.4219 6.9424 10.6516
5600 2.4385 1.7271 2.4740 3.8281 6.1780 9.6349
5700 2.4121 1.6566 2.3730 3.6719 5.9844 9.4251
5800 2.3866 1.5864 2.2788 3.5781 5.8316 9.2633
5900 2.3617 1.5175 2.1904 3.4531 5.6829 9.0326
6000 2.3377 1.4496 2.1027 3.3281 5.5303 8.8652
6100 2.3148 1.3876 2.0331 3.2441 5.3907 8.7114
6200 2.2949 1.3311 1.9602 3.1406 5.2688 8.5802
6300 2.2739 1.2833 1.8906 3.0703 5.1998 8.3992
6400 2.2539 1.2315 1.8354 2.9883 5.0609 8.3006
6500 2.2351 1.1895 1.7756 2.9141 4.9816 8.1641
6600 2.2169 1.1529 1.7302 2.8516 4.8748 8.0483
6700 2.1996 1.1136 1.6803 2.7812 4.7989 7.9715
6800 2.1832 1.0810 1.6274 2.7266 4.7480 7.8759
6900 2.1677 1.0459 1.5958 2.6641 4.6817 7.8072
7000 2.1530 1.0121 1.5513 2.6172 4.5993 7.7223
7100 2.1392 0.9814 1.5090 2.5703 4.5169 7.6355
7200 2.1265 0.9561 1.4765 2.5234 4.4748 7.5485
7300 2.1143 0.9311 1.4443 2.4766 4.4312 7.5066
7400 2.1027 0.9051 1.4165 2.4453 4.3752 7.4119
7500 2.0919 0.8841 1.3921 2.4141 4.3193 7.3172
7600 2.0819 0.8633 1.3678 2.3828 4.3014 7.2228
7700 2.0723 0.8428 1.3438 2.3516 4.2450 7.1281
7800 2.0633 0.8271 1.3170 2.3203 4.2256 7.0336
7900 2.0549 0.8092 1.3006 2.2891 4.1687 6.9389
8000 2.0470 0.7916 1.2784 2.2578 4.1478 6.8444
