2700 75.0956 42.378 55.5803 76.6833 102.334 136.946
2800 61.7227 37.7023 47.3541 63.007 86.629 114.609
2900 57.8468 33.5095 42.7431 57.0399 76.9763 99.4676
3000 69.5126 28.7307 36.4746 49.1083 67.0747 88.0291
3100 47.7623 24.1811 30.9127 40.8206 55.2507 72.2862
3200 29.5437 19.752 24.6852 32.4136 45.4304 59.2816
3300 23.027 14.9796 20.0465 27.6256 37.0094 49.661
3400 18.5822 13.164 17.5065 23.719 31.7459 42.7086
3500 17.8227 12.2846 14.3226 19.1954 26.4033 35.2592
3600 16.729 11.2463 13.6091 17.8552 24.6535 32.9691
3700 14.5473 9.84597 11.6546 16.2512 22.2777 29.7075
3800 11.1732 7.69133 9.71614 13.6571 18.7329 24.8935
3900 11.7536 7.63708 9.20494 12.8646 17.8581 23.9034
4000 11.0346 6.77256 8.09015 10.8337 15.3576 20.7456
4100 9.73033 6.0264 7.61134 10.288 14.4589 19.311
4200 8.39535 5.3178 6.81858 9.24282 12.9636 17.571
4300 8.81189 5.27231 6.49958 9.01355 12.4642 16.8551
4400 8.38679 5.10552 6.52193 8.28259 11.5606 15.5667
4500 8.28577 4.61078 5.58093 7.25266 10.2762 13.8614
4600 8.49456 4.84233 5.47175 7.28838 10.2001 14.0243
4700 6.59843 3.98375 4.7913 6.33456 8.90164 12.1715
4800 6.72992 3.86251 4.73297 6.10015 8.53755 11.8307
4900 6.98536 3.92019 4.81679 6.08848 8.39545 11.5584
5000 5.96558 3.47871 4.01495 5.05042 7.16028 9.96262
5100 6.08774 3.57626 3.91442 5.07839 7.21242 9.9202
5200 6.06165 3.62203 3.97985 5.01644 6.99382 9.91598
5300 6.46349 3.55791 3.84016 4.98003 6.92905 9.51875
5400 5.04611 3.30122 3.53674 4.2965 6.18703 8.61867
5500 3.73677 2.53876 3.04914 3.7401 5.18088 7.29583
5600 2.79836 2.60122 2.90878 3.20661 4.48905 6.4137
5700 2.92444 2.18211 2.74414 3.04601 4.41162 6.27042
5800 2.88869 2.48193 2.75934 3.04479 4.35927 6.09764
5900 2.75894 2.53056 2.74414 2.95622 4.27238 5.95308
6000 2.74191 2.44015 2.7019 2.9312 4.10596 5.63642
6100 2.76049 2.41424 2.63835 2.9094 4.10791 5.59351
6200 2.79635 2.58814 2.7425 2.90773 4.01651 5.49374
6300 2.8777 2.52385 2.68858 2.95899 3.93222 5.34347
6400 2.88347 2.33456 2.74039 2.87741 3.82016 5.17804
6500 2.84313 2.43681 2.70039 2.9006 3.53115 4.80341
6600 2.85279 2.58176 2.66491 2.89601 3.44844 4.68479
6700 2.71696 2.56909 2.79812 2.90468 3.46763 4.69611
6800 2.8277 2.59617 2.65348 2.87987 3.27423 4.67439
6900 2.818 2.43887 2.7172 2.86429 3.08917 4.64614
7000 2.80392 2.43342 2.74312 2.93389 3.06258 4.51099
7100 2.81872 2.52628 2.71979 2.86601 3.04531 4.51153
7200 2.83985 2.52149 2.72869 2.8701 3.03973 4.50213
7300 2.76799 2.49189 2.63777 2.87839 3.03278 4.43879
7400 2.81376 2.49189 2.69943 2.85561 3.05472 4.43366
7500 2.79832 2.37519 2.73097 2.86364 2.97783 4.24601
7600 2.68859 2.53903 2.69536 2.87327 3.01663 4.27584
7700 2.79498 2.47814 2.73066 2.85484 3.00009 4.27239
7800 2.8309 2.23059 2.70362 2.78978 2.95396 4.19163
7900 2.77519 2.31928 2.70263 2.86359 3.02702 4.09915
8000 2.77185 2.5333 2.66724 2.86865 2.99915 3.94
