2600 23.6832 12.567 15.2799 21.0997 29.0959 39.5722
2700 18.1687 11.2568 14.1561 19.1287 26.4331 36.4096
2800 16.0789 9.24071 11.9632 16.8803 23.2576 31.4679
2900 15.0781 8.42619 10.9349 14.8223 20.7155 27.9207
3000 16.3247 7.62417 9.28448 13.0244 18.0056 24.2549
3100 13.9694 6.8552 8.76302 12.0872 16.776 22.5999
3200 11.8573 6.33274 7.71127 10.5082 14.6632 19.9722
3300 9.35037 5.86962 6.72496 8.92828 12.5891 17.3757
3400 8.53328 4.46792 5.93868 8.03841 11.2507 15.6271
3500 10.0582 4.49927 5.73217 7.3353 10.3277 14.4382
3600 9.10106 4.47374 5.44435 7.1302 9.98213 13.7091
3700 7.27961 3.85636 4.69721 6.18228 8.846 12.2356
3800 5.53155 3.61421 4.13435 5.40602 7.5706 10.5912
3900 5.79014 3.22846 4.03057 5.12003 7.16025 9.9966
4000 6.01434 3.48683 3.72668 4.70152 6.63389 9.15293
4100 3.54366 2.85462 3.22329 4.01638 5.76348 8.07285
4200 3.77521 3.07624 3.15967 3.92377 5.46102 7.7467
4300 3.82555 2.79028 3.19381 3.74023 5.24574 7.39218
4400 3.89105 2.54899 3.03458 3.59085 4.97739 7.10489
4500 3.90567 2.78317 3.06164 3.37926 4.71848 6.51762
4600 3.91846 2.84991 3.05217 3.25853 4.60877 6.48335
4700 3.99907 2.73817 2.89848 3.13838 4.42188 6.1779
4800 3.85495 2.46162 3.04876 3.16009 4.34756 6.09266
4900 3.95233 2.67392 3.00182 3.11219 4.17368 5.83821
5000 4.03871 2.70101 2.97734 3.1032 4.00848 5.54187
5100 4.03111 2.51377 2.93332 3.11675 4.03152 5.52891
5200 4.08594 2.64356 2.94358 3.06623 3.88773 5.39647
5300 4.04111 2.64491 2.932 3.05391 3.76349 5.22091
5400 2.79467 2.47721 2.63308 2.83981 3.03664 4.58178
5500 2.85793 2.58461 2.79095 2.93064 3.05578 4.51582
5600 2.79604 2.34736 2.66868 2.89323 3.05868 4.47387
5700 2.84741 2.54079 2.68265 2.87342 3.01173 4.38333
5800 2.75116 2.39814 2.71369 2.90875 3.0322 4.29712
5900 2.76634 2.54782 2.6997 2.88154 3.0296 4.25822
6000 2.7772 2.53994 2.6877 2.82709 2.9841 4.05384
6100 2.7978 2.49909 2.67658 2.84803 3.00064 3.98362
6200 2.78248 2.43212 2.66971 2.85605 2.99447 3.9304
6300 2.79276 2.3203 2.65859 2.81595 2.95863 3.70087
6400 2.79556 2.4154 2.69496 2.82381 2.96085 3.59125
6500 2.81927 2.43165 2.684 2.84933 2.98949 3.34944
6600 2.80907 2.61911 2.77368 2.87678 3.00683 3.23311
6700 2.78988 2.40958 2.67626 2.86666 3.03308 3.22386
6800 2.87308 2.35041 2.68193 2.87508 2.99783 3.11256
6900 2.88793 2.40653 2.64271 2.81793 2.97417 3.07005
7000 2.7989 2.51774 2.672 2.84847 2.98486 3.02774
7100 2.7856 2.50594 2.69397 2.83729 2.95007 3.11338
7200 2.77487 2.5073 2.69454 2.85362 2.99632 3.07157
7300 2.80414 2.26405 2.66342 2.85864 2.98319 3.05947
7400 2.81044 2.46994 2.69222 2.86995 2.98314 3.05331
7500 2.81161 2.37147 2.68115 2.84659 2.98851 3.05857
7600 2.81161 2.3256 2.63346 2.79878 2.95282 3.02531
7700 2.79357 2.4013 2.62955 2.83534 2.97568 3.04812
7800 2.80527 2.35747 2.68418 2.8245 2.96179 3.03875
7900 2.80201 2.56362 2.70196 2.84799 2.9554 3.02339
8000 2.79437 2.61443 2.70218 2.8691 2.99063 3.04959
