2700 889.494 480.739 683.716 934.011 1245.35 1615.81
2800 748.764 452.273 571.491 782.079 1041.34 1341.55
2900 564.944 396.533 470.917 637.278 839.036 1067.19
3000 495.885 308.782 395.472 531.753 724.229 904.68
3100 395.521 280.072 337.409 440.965 579.025 732.68
3200 309.389 218.337 264.898 355.309 481.461 609.105
3300 244.499 170.616 229.425 294.017 384.68 473.363
3400 208.948 150.281 191.581 243.383 322.203 401.46
3500 169.719 111.302 152.62 202.499 264.201 333.908
3600 128.544 102.618 122.815 163.924 214.395 264.113
3700 103.48 91.659 104.746 137.412 180.338 223.087
3800 87.3495 68.1559 84.1583 113.864 146.804 183.494
3900 75.3893 59.983 76.4103 96.4466 123.629 154.036
4000 60.3576 52.4068 61.1201 76.396 100.338 124.831
4100 55.4958 46.4227 54.3445 68.3177 89.2205 112.651
4200 40.9959 35.6004 43.0644 55.1671 72.7335 88.8692
4300 31.0714 28.5982 32.3624 42.7801 55.1846 70.3374
4400 25.7949 21.101 27.2138 35.8057 46.7685 59.4529
4500 20.6065 19.5629 21.4663 29.2916 38.4395 49.1448
4600 22.309 17.3691 22.322 29.0867 38.4002 48.4833
4700 16.5712 14.8484 18.0418 23.5958 31.1496 40.1642
4800 15.2187 13.5385 15.5102 20.846 27.4747 35.8339
4900 13.0761 11.5388 13.6226 18.087 24.2015 31.4176
5000 10.1946 8.80799 10.8571 14.8075 20.1104 26.1332
5100 8.63558 8.80766 9.4552 12.4232 17.4514 22.7749
5200 8.54115 7.33552 8.81089 11.8535 16.2744 21.5127
5300 8.33334 6.64397 8.93507 11.6477 16.2119 21.5447
5400 8.0135 6.24232 7.85321 10.7327 14.9747 20.0367
5500 5.49335 4.7298 6.27734 8.15275 11.3895 15.5108
5600 3.62842 3.81418 4.71979 6.48617 9.62834 13.2124
5700 4.70199 3.58307 4.6541 6.59958 9.424 12.6685
5800 4.29827 3.38788 4.46524 6.15269 8.92375 12.3111
5900 4.43054 3.22381 4.4278 6.04079 8.80157 12.3022
6000 3.40362 2.94371 3.57532 5.31691 7.76867 10.9193
6100 3.47685 3.07547 3.73607 5.17077 7.48668 10.4816
6200 3.65113 3.0544 3.69515 5.01432 7.346 10.3356
6300 3.54933 3.09286 3.61826 4.94399 7.15462 9.83639
6400 3.70923 3.32948 3.74592 4.87761 6.96257 9.69954
6500 3.71848 3.24477 3.64811 4.6522 6.78627 9.41554
6600 3.73481 3.00512 3.44659 4.52217 6.61351 9.24727
6700 2.8114 2.41262 2.86219 3.8961 5.54777 7.97102
6800 2.7814 2.55096 2.91972 3.80245 5.46901 7.6837
6900 2.84416 2.53197 2.8841 3.72112 5.29603 7.53975
7000 2.87877 2.74074 2.85677 3.68689 5.24154 7.44307
7100 2.87249 2.42325 2.72706 3.49733 4.95422 7.16412
7200 2.83933 2.59017 2.72667 3.38874 4.84402 6.89838
7300 2.81652 2.7048 2.82601 3.28545 4.7106 6.79722
7400 2.87714 2.65419 2.81642 3.11957 4.60803 6.60314
7500 2.83614 2.34937 2.79178 3.03447 4.48875 6.40524
7600 2.88562 2.62562 2.78504 3.03497 4.44576 6.27463
7700 2.84906 2.63063 2.73221 3.03103 4.37358 6.12844
7800 2.7677 2.40777 2.68135 2.89236 4.32587 6.06437
7900 2.90149 2.40674 2.79122 2.93717 4.24178 5.97583
8000 2.8136 2.40278 2.75199 2.93251 4.20545 5.82531
