2700 323.841 195.874 231.858 324.581 439.512 564.825
2800 278.696 168.039 201.231 266.609 362.131 472.465
2900 217.4 140.053 160.064 224.689 300.884 394.997
3000 187.474 115.828 145.619 189.294 251.883 318.392
3100 143.586 94.174 114.335 156.833 207.913 264.168
3200 111.068 75.2175 94.5083 126.915 167.842 217.067
3300 89.8644 58.4695 78.4751 104.205 137.028 177.166
3400 76.362 57.5277 67.7897 89.0284 117.822 151.662
3500 56.7934 40.2402 51.7799 70.3088 93.8262 119.453
3600 45.5318 35.7033 44.109 57.2557 75.9163 96.7161
3700 41.2843 29.1082 38.6787 51.5007 67.5865 85.6558
3800 30.7098 25.3006 31.8663 41.3804 55.0343 70.4857
3900 27.5458 19.0129 26.0699 35.0418 46.5424 59.4138
4000 24.8939 18.4317 23.4637 30.7515 40.9768 53.2376
4100 23.7219 17.6133 21.3761 28.0767 37.4392 48.4859
4200 18.9595 15.3477 17.7716 23.8906 31.96 41.0947
4300 14.7406 10.3191 14.0571 19.2951 26.0221 35.0847
4400 14.3526 10.8548 13.8568 18.1451 24.4705 32.2125
4500 12.1171 9.37991 11.202 15.3747 21.067 27.2138
4600 13.4141 9.93959 11.5194 15.4148 20.507 27.0176
4700 10.7313 7.61227 9.21672 12.9101 17.4762 23.3565
4800 9.51515 6.87092 8.26642 11.4935 15.912 21.0293
4900 9.42732 6.23901 7.98328 10.5385 14.9339 20.0286
5000 6.20019 5.2727 6.19385 8.54971 11.7064 15.9066
5100 6.64507 4.80343 6.15156 8.1064 11.4992 15.6163
5200 5.83554 4.38737 5.39702 7.44157 10.4179 14.1108
5300 5.96082 4.49294 5.45279 7.00613 10.1928 13.7758
5400 5.32182 4.05184 4.905 6.4678 9.17454 12.5245
5500 3.41547 2.69376 3.63539 5.02786 7.38082 10.2947
5600 2.74047 2.30921 2.92874 4.3275 6.43998 9.05102
5700 2.84366 2.54004 3.07318 4.1587 6.19599 8.68007
5800 2.87943 2.65997 3.03471 4.03509 5.86086 8.33255
5900 2.56684 2.59538 3.00095 3.97228 5.77008 8.0869
6000 2.80176 2.57487 2.8116 3.92002 5.6468 7.90301
6100 2.37787 2.2892 2.82358 3.83036 5.37707 7.61917
6200 2.81395 2.59218 2.86115 3.69309 5.27704 7.38485
6300 2.7213 2.53849 2.88898 3.515 5.11016 7.10652
6400 2.776 2.63985 2.8186 3.49778 4.97883 6.92455
6500 2.71333 2.35758 2.77777 3.28373 4.70003 6.77776
6600 2.72135 2.63333 2.76197 3.13802 4.55695 6.54097
6700 2.83612 2.68839 2.90453 3.11347 4.45598 6.39128
6800 2.9671 2.51515 2.77624 2.99 4.3307 6.2485
6900 2.81036 2.48218 2.76957 2.92784 4.313 6.07473
7000 2.78028 2.58586 2.69004 2.97807 4.26645 5.9195
7100 2.89529 2.49229 2.72523 3.01211 4.25294 5.82953
7200 2.83587 2.34315 2.73915 2.97324 4.17582 5.72908
7300 2.71412 2.51225 2.73113 2.97383 4.08416 5.54963
7400 2.80053 2.45876 2.721 2.90091 4.03132 5.41944
7500 2.47972 2.34794 2.68735 2.90831 3.91673 5.34669
7600 2.87913 2.44487 2.66663 2.91602 3.80139 5.09631
7700 2.85259 2.48578 2.76209 2.91492 3.76913 4.99942
7800 2.86263 2.42731 2.65301 2.9385 3.68619 4.83306
7900 2.82262 2.28331 2.64412 2.8508 3.47398 4.72256
8000 2.88896 2.44981 2.70373 2.90185 3.37466 4.69258
