2700 207.062 91.6135 119.861 159.566 222.557 283.373
2800 173.126 85.4326 103.83 140.494 189.151 241.823
2900 141.437 75.5238 87.1584 117.862 158.147 203.829
3000 122.749 60.7727 76.6255 101.896 135.304 175.878
3100 92.3215 49.1827 61.665 81.0379 109.932 142.932
3200 72.1226 40.8101 50.6308 67.6604 90.6118 118.577
3300 58.3957 32.7651 42.6342 56.9881 75.6303 98.3932
3400 51.2523 28.1622 37.9854 50.4378 65.7183 85.5731
3500 38.575 24.4028 30.9465 39.9154 54.1858 70.9173
3600 33.7225 21.8937 26.3722 35.482 47.5998 60.9951
3700 32.8696 21.2183 24.6744 31.5026 42.4342 55.5404
3800 23.8989 14.616 19.545 26.0964 34.6418 44.8816
3900 20.7063 13.2391 16.4363 22.2043 30.344 39.1533
4000 20.4125 11.6897 15.4111 20.4467 28.1983 36.1829
4100 19.0563 11.5708 13.9246 18.7973 25.1278 33.5015
4200 14.2776 9.34523 11.7602 15.2517 20.8523 27.6969
4300 12.1905 7.55225 9.81897 13.087 18.0039 24.0498
4400 12.2566 7.07621 9.22993 12.425 17.1849 23.0958
4500 10.8194 7.90326 8.42974 11.3331 15.4562 20.6123
4600 12.1424 6.82224 8.50033 11.1577 15.1484 20.2751
4700 9.32293 5.48943 7.15541 9.30404 12.7541 17.5225
4800 8.82219 5.53099 6.87217 8.74857 12.0755 16.4178
4900 7.96595 4.8263 5.97406 7.96194 11.0178 15.0687
5000 7.44115 4.65189 5.47067 7.28407 10.1224 13.8903
5100 7.86597 4.58519 5.57941 7.18149 9.92691 13.4709
5200 6.85103 4.15106 4.85474 6.33962 9.06124 12.2356
5300 6.98317 4.10449 4.90495 6.2084 8.72194 11.8834
5400 5.90307 3.54287 4.32682 5.61733 7.80224 10.7956
5500 3.68366 3.06782 3.39842 4.37435 6.31074 8.69697
5600 2.89532 2.54543 2.88423 3.83868 5.43082 7.68808
5700 2.73858 2.25793 2.73829 3.73061 5.28182 7.38219
5800 2.70153 2.77184 2.88058 3.60636 5.10032 7.16127
5900 2.80687 2.62618 2.82869 3.52788 4.86823 6.85657
6000 2.65567 2.67626 2.87755 3.29293 4.68385 6.70945
6100 2.79479 2.46912 2.64268 3.04769 4.51088 6.47727
6200 2.89341 2.31665 2.73019 3.04986 4.40083 6.3126
6300 2.85646 2.30379 2.72455 2.98484 4.2725 6.07984
6400 2.89018 2.61919 2.80044 2.98371 4.25037 5.97474
6500 2.82188 2.36467 2.81137 2.98416 4.24416 5.85229
6600 2.82408 2.49445 2.73002 2.89491 4.132 5.73943
6700 2.757 2.53227 2.79263 2.93614 4.0511 5.561
6800 2.703 2.55109 2.79294 2.96265 3.95512 5.44676
6900 2.85843 2.47594 2.71562 2.85264 3.85919 5.19205
7000 2.74605 2.35268 2.6901 2.84743 3.70986 5.06778
7100 2.88505 2.52671 2.688 2.90751 3.66356 4.85765
7200 2.87981 2.32547 2.72944 2.90203 3.54994 4.74201
7300 2.75174 2.57881 2.7505 2.91444 3.34728 4.67157
7400 2.89765 2.44503 2.70456 2.90288 3.20082 4.66139
7500 2.76915 2.39478 2.7003 2.90374 3.10996 4.62882
7600 2.7904 2.4571 2.73071 2.86951 3.03813 4.57456
7700 2.80882 2.40991 2.77672 2.87964 3.0061 4.54148
7800 2.83853 2.44664 2.66852 2.84908 3.02079 4.53991
7900 2.74489 2.29539 2.62206 2.87455 3.04387 4.46497
8000 2.89906 2.45415 2.71991 2.87555 3.01172 4.4482
