2500 52.594 23.4685 31.0996 42.3766 58.2348 78.2267
2600 39.0767 22.181 28.5887 38.0788 52.7701 70.5207
2700 37.5583 20.4908 24.7905 33.6478 46.9471 63.1686
2800 34.1664 17.1418 21.6295 29.182 40.73 55.3326
2900 28.3106 14.9412 18.8305 25.6085 35.3166 48.0049
3000 33.3737 12.0453 16.2562 22.7486 31.5105 41.9933
3100 22.2194 11.269 14.5093 19.4592 26.9129 36.6227
3200 18.2594 10.0332 12.5799 16.9897 23.6312 31.176
3300 14.6637 7.78825 10.5556 14.336 20.2519 27.0045
3400 11.1669 7.14015 8.91773 12.2397 17.0058 23.0329
3500 9.90685 5.68759 7.89271 10.2833 14.4838 19.9199
3600 8.43211 6.02725 7.48737 9.7054 13.5537 18.4865
3700 8.50791 5.64511 6.67929 9.07328 12.6212 17.2526
3800 6.65032 4.21501 5.65851 7.66886 11.0012 14.7509
3900 7.18363 4.48506 5.50613 7.21724 10.5108 14.2045
4000 6.91978 4.21065 5.03734 6.50073 9.31336 12.8194
4100 6.07208 3.53516 4.42341 6.11764 8.71559 12.1523
4200 6.3875 3.81761 4.48259 5.85703 8.38679 11.5186
4300 6.64321 3.83353 4.42575 5.60875 8.00289 11.1169
4400 6.93898 3.59494 4.23586 5.44291 7.74205 10.7574
4500 7.34411 3.63039 4.01926 5.18334 7.19499 9.9994
4600 7.33946 3.68287 4.11824 5.03253 7.14399 10.0523
4700 6.28099 3.41866 3.77473 4.67 6.43478 9.1265
4800 6.28642 3.40787 3.71784 4.555 6.29598 8.86012
4900 6.63682 3.49171 3.59415 4.44001 6.11762 8.48472
5000 6.69775 3.51015 3.61292 4.10835 5.77597 7.98067
5100 6.73088 3.64435 3.71631 4.17952 5.73535 8.01436
5200 6.64578 3.3642 3.7096 4.03864 5.59919 7.84612
5300 6.88384 3.49765 3.67416 3.95191 5.51688 7.71182
5400 5.46995 3.21621 3.34575 3.5331 4.8809 6.90178
5500 4.00892 2.82979 3.00659 3.16919 4.24596 5.9115
5600 2.89747 2.34999 2.67139 2.87895 3.86858 5.38497
5700 2.88299 2.48993 2.74871 2.917 3.87312 5.10804
5800 2.83644 2.51245 2.71368 2.9271 3.67888 4.90383
5900 2.84536 2.32081 2.65579 2.91495 3.51493 4.72703
6000 2.90185 2.35196 2.70148 2.90181 3.18677 4.65815
6100 2.78762 2.18368 2.70896 2.90392 3.12999 4.54008
6200 2.83251 2.37308 2.59019 2.82039 3.00176 4.52083
6300 2.74302 2.46034 2.69048 2.90025 3.03742 4.51921
6400 2.77686 2.47851 2.70914 2.85913 3.01875 4.46769
6500 2.7819 2.45883 2.6555 2.81294 2.97502 4.34615
6600 2.7781 2.49245 2.71725 2.8795 3.02271 4.36771
6700 2.77284 2.35895 2.73879 2.91425 3.02678 4.37289
6800 2.83826 2.4814 2.70117 2.86586 2.99204 4.26956
6900 2.80517 2.34868 2.62263 2.84261 2.98175 4.24782
7000 2.79173 2.43887 2.68911 2.84837 2.96908 4.05291
7100 2.83636 2.48 2.6876 2.88737 2.9992 4.03148
7200 2.8016 2.59166 2.80653 2.89691 3.01476 3.90736
7300 2.85663 2.4248 2.65332 2.87045 3.0044 3.83356
7400 2.78356 2.40437 2.75476 2.90174 2.98454 3.70206
7500 2.80964 2.4598 2.67359 2.8092 2.97595 3.44335
7600 2.83819 2.46091 2.71009 2.89517 3.0106 3.39254
7700 2.83905 2.56283 2.66449 2.83485 2.9749 3.2914
7800 2.80613 2.35919 2.71758 2.8955 3.01968 3.22277
7900 2.78022 2.47951 2.68805 2.90047 3.03717 3.14006
8000 2.48951 2.32641 2.65827 2.83075 2.99095 3.05525
