2400 2133.15 1416.99 1751.48 2346.53 3135.3 4153.6
2500 1791.7 1157.76 1411.77 1974.08 2678.35 3401.02
2600 1516.3 847.103 1213.81 1641.22 2223 2880.15
2700 1205.74 839.111 977.817 1382.3 1894.43 2439.79
2800 1046.34 640.262 834.713 1154.49 1575.84 2001
2900 838.972 535.778 714.012 964.51 1278.4 1623.08
3000 702.653 458.205 609.896 813.051 1071.41 1366.78
3100 587.431 401.075 499.871 673.114 884.327 1115.72
3200 455.551 323.394 417.992 544.598 720.364 914.312
3300 364.759 274.722 346.306 456.477 592.208 729.02
3400 315.687 239.009 296.138 376.177 504.361 626.772
3500 269.962 180.103 247.258 314.918 408.636 518.44
3600 207.263 157.331 193.572 253.729 333.103 416.868
3700 181.632 142.553 162.999 219.071 283.082 355.303
3800 146.149 118.903 145.078 181.314 230.001 280.187
3900 120.63 92.1067 113.442 150.377 194.309 235.465
4000 90.5437 76.7009 93.5486 117.809 150.327 184.593
4100 79.0561 75.3488 78.8875 101.956 130.741 161.387
4200 62.5654 52.0241 64.4873 83.0921 105.804 131.157
4300 48.5082 38.2346 48.787 65.5714 84.0485 103.852
4400 39.6253 32.1008 42.3756 54.7191 70.8827 87.0313
4500 36.3995 31.1165 37.6704 48.3237 62.6918 76.5492
4600 33.1049 25.9712 33.3055 43.3833 55.8394 68.614
4700 29.898 25.8484 28.8844 37.9246 48.8837 61.5969
4800 23.9888 18.6832 24.4474 31.2603 40.8507 51.4963
4900 21.7071 18.139 21.9849 28.1802 36.9539 47.1024
5000 17.3936 14.3567 17.3525 22.9836 30.3994 39.2536
5100 14.8961 12.2324 14.7999 19.9254 26.4807 34.3524
5200 14.0895 10.8957 13.9128 18.5867 24.3055 32.4551
5300 13.2954 10.9528 13.0726 17.3677 22.7118 29.1296
5400 11.412 8.18953 11.0786 14.7981 19.9754 26.3338
5500 7.27492 5.77148 7.9737 10.6763 14.8877 19.708
5600 6.15357 4.77268 6.49659 9.05482 12.7146 17.0339
5700 6.20478 5.27197 6.67783 8.87859 12.5247 16.5837
5800 5.78865 4.66027 6.01625 8.06543 11.3637 15.3922
5900 5.82538 4.86663 6.00839 8.02276 11.1689 15.033
6000 4.25596 3.5272 4.6566 6.3292 9.18117 12.8083
6100 3.21965 3.11005 3.92493 5.51826 8.10706 11.2135
6200 3.90909 3.1763 3.76303 5.50933 7.92633 11.0237
6300 3.50942 3.17551 3.79089 5.19553 7.66335 10.6661
6400 3.50105 3.08126 3.81073 5.171 7.48782 10.4299
6500 3.5839 3.42407 3.77226 5.04808 7.35087 10.2767
6600 3.67398 3.00668 3.67667 4.89244 7.09791 9.90646
6700 2.82566 2.42207 2.97051 4.07577 6.01627 8.6449
6800 2.92084 2.67723 2.92942 4.01499 5.93316 8.40394
6900 2.85687 2.48841 2.80611 3.89689 5.67842 8.03647
7000 2.8133 2.5882 2.84007 3.7972 5.55339 7.85794
7100 2.78568 2.77022 2.86684 3.83384 5.44561 7.62152
7200 2.75439 2.45877 2.82689 3.72404 5.32474 7.34101
7300 2.83089 2.48751 2.80945 3.67906 5.20542 7.22464
7400 2.77635 2.5955 2.81559 3.63288 5.04602 7.09664
7500 2.7856 2.7743 2.92611 3.46109 4.92233 7.01325
7600 2.85763 2.55752 2.86659 3.391 4.74149 6.86863
7700 2.74463 2.19252 2.74589 3.23025 4.69737 6.62546
7800 2.84888 2.57294 2.77529 3.05138 4.53972 6.47502
7900 2.90023 2.53844 2.7912 3.01702 4.43235 6.3862
8000 2.93681 2.19284 2.63446 2.99158 4.42297 6.20244
