2400 1870.37 1141.17 1479.32 2065.66 2758.17 3640.31
2500 1620.34 927.946 1304.68 1730.54 2309.79 3061.91
2600 1337.45 821.816 1071.32 1427.21 1961.49 2529.31
2700 1114.67 674.672 887.866 1205.43 1643.26 2150.06
2800 941.37 590.789 784.987 1027.57 1393.07 1790.48
2900 766.694 534.76 636.84 844.981 1134.44 1426.03
3000 585.914 421.687 538.719 715.451 947.434 1208.07
3100 503.804 335.495 466.655 588.152 779.694 998.597
3200 415.35 300.004 381.577 488.776 642.724 799.128
3300 321.476 259.292 300.639 391.889 524.439 643.254
3400 285.396 209.137 246.721 340.333 442.697 551.882
3500 215.368 163.806 216.203 280.245 361.355 448.77
3600 183.484 143.352 174.961 225.326 290.231 363.033
3700 138.868 118.23 145.81 186.018 243.541 305.948
3800 125.415 96.7366 114.164 154.197 197.754 249.974
3900 103.748 80.315 100.256 129.487 166.471 202.792
4000 78.0734 57.9666 77.5486 103.397 133.637 162.306
4100 72.3648 53.6918 71.4217 92.1241 116.778 142.684
4200 56.0944 47.4719 58.0474 71.591 94.5077 114.579
4300 43.7824 35.1194 43.9008 57.3121 74.6467 93.3689
4400 35.7438 30.3099 37.3413 48.8318 62.044 78.5399
4500 31.3629 25.3167 32.733 41.8037 54.3689 69.1911
4600 31.0791 24.9095 29.6788 39.9081 51.3509 64.3197
4700 25.8722 23.9203 26.0716 34.7058 44.271 56.0437
4800 20.7379 17.4105 20.6741 27.5996 36.8364 46.9382
4900 19.3037 15.8198 19.2399 25.026 33.1346 41.6464
5000 15.9011 12.4946 15.9608 21.0895 27.9757 35.7547
5100 12.5557 10.2108 13.7817 17.4924 24.0441 30.6989
5200 13.1234 10.3125 12.529 16.9085 22.6358 29.2053
5300 12.1099 8.95386 11.8725 15.7216 20.6868 27.2529
5400 10.4659 7.67904 9.92844 13.2351 18.1792 23.7242
5500 6.64911 6.1304 7.12385 9.73375 13.5474 18.0874
5600 5.57013 5.0938 5.99145 8.32797 11.6762 16.3271
5700 5.39073 5.29666 6.06569 8.09944 11.4134 15.5528
5800 5.77252 4.91006 5.62812 8.00295 11.1927 15.0883
5900 6.0252 5.28477 5.77746 7.9047 11.0938 14.7552
6000 4.26397 3.09734 4.639 6.34051 8.86595 12.4556
6100 3.46208 3.18711 3.92829 5.52051 7.92791 11.0224
6200 3.48711 2.92159 3.7794 5.30539 7.67282 10.6532
6300 3.39216 3.35575 3.77179 5.13753 7.4606 10.4016
6400 3.54231 2.98447 3.59938 4.99722 7.33435 10.0934
6500 3.59547 2.86884 3.72794 4.98861 7.14198 9.96558
6600 3.66512 3.20968 3.58133 4.86502 6.95681 9.62419
6700 2.89191 2.617 2.86646 3.94291 5.8543 8.305
6800 2.80254 2.65432 2.97544 3.93416 5.78362 8.05848
6900 2.78325 2.4881 2.80505 3.95627 5.68357 7.78372
7000 2.79359 2.69692 2.93354 3.79475 5.52276 7.67717
7100 2.75937 2.58846 2.8818 3.75283 5.3377 7.50777
7200 2.78839 2.78337 2.93035 3.67608 5.27931 7.30632
7300 2.8437 2.46163 2.90358 3.55608 4.96677 7.1064
7400 2.7988 2.50489 2.78531 3.52769 4.91296 6.97647
7500 2.6669 2.61458 2.81242 3.34033 4.75797 6.82779
7600 2.68888 2.60146 2.81593 3.24223 4.6628 6.68196
7700 2.85809 2.25917 2.71082 3.00026 4.49766 6.57879
7800 2.95316 2.45301 2.69863 3.04897 4.41483 6.36055
7900 2.88817 2.4249 2.79497 3.04041 4.42026 6.20106
8000 2.83958 2.60251 2.72716 2.97252 4.36254 6.20906
