2700 553.228 350.447 437.016 593.726 781.26 1022.85
2800 455.48 291.039 356.421 487.104 657.593 855.813
2900 340.679 219.419 294.159 403.32 548.177 680.104
3000 293.524 201.299 258.269 339.61 454.319 576.104
3100 231.011 174.594 208.375 271.347 362.293 467.771
3200 182.26 139.912 168.496 221.864 292.64 373.767
3300 135.676 106.888 136.515 179.052 235.968 300.339
3400 123.025 92.5704 117.187 157.461 207.597 255.282
3500 101.74 69.697 98.6691 126.785 165.343 206.076
3600 79.4874 57.1198 78.7617 103.017 134.018 168.471
3700 72.3007 52.8801 67.5863 89.8261 118.018 148.182
3800 55.3321 41.8829 56.794 74.6407 98.726 123.106
3900 51.831 42.4902 49.5788 63.7491 83.0701 106.462
4000 41.777 36.4259 42.1968 54.3141 69.2104 88.4939
4100 38.7466 29.1347 37.3395 49.028 64.0492 80.2528
4200 31.0188 25.933 28.6092 38.8896 51.2231 64.5048
4300 23.0598 19.3796 23.319 30.7717 40.325 51.3539
4400 20.3515 17.8722 20.6574 27.2415 36.2797 46.2432
4500 17.0242 14.7096 17.0772 22.9322 30.8488 39.6594
4600 18.3671 12.9997 17.2661 22.9928 30.5662 39.5849
4700 14.8897 10.8982 14.6349 19.312 26.0462 33.4169
4800 12.9768 9.04471 12.3782 16.6004 22.8531 29.6815
4900 13.2028 10.6532 12.3399 16.1606 21.7548 28.4806
5000 10.2914 7.58381 9.77579 12.7705 17.5348 22.9522
5100 8.91789 7.67117 8.71158 11.5287 15.7988 20.819
5200 8.55885 5.78056 8.01563 10.7063 14.6154 19.5983
5300 8.82374 6.86279 7.82784 10.4738 14.376 19.5572
5400 8.50203 5.60738 7.50071 9.83729 13.4212 17.9345
5500 5.07425 3.8006 4.94847 7.12544 9.93805 13.5928
5600 3.31983 2.87876 3.99161 5.50475 8.10138 11.2615
5700 3.50636 3.08303 3.69702 5.40516 7.8121 10.838
5800 3.57077 3.12691 3.87505 5.27064 7.52768 10.4872
5900 3.57419 3.26883 3.82232 5.01159 7.34368 10.2387
6000 2.83325 2.09783 3.01885 4.36379 6.34885 8.98888
6100 2.59474 2.30282 2.98523 4.08148 6.1893 8.71902
6200 2.82264 2.62333 2.95761 4.04005 5.95288 8.39517
6300 2.80316 2.47324 2.82794 4.03972 5.73504 8.21488
6400 2.67277 2.76068 2.935 3.8499 5.63139 7.92158
6500 2.79758 2.39879 2.87976 3.80933 5.48784 7.71146
6600 2.71383 2.72811 2.92031 3.7616 5.36254 7.37078
6700 2.8553 2.68159 2.96301 3.71253 5.15156 7.24571
6800 2.8779 2.58703 2.8926 3.55773 5.05554 7.23419
6900 2.79809 2.39664 2.65904 3.37354 4.88367 6.91879
7000 2.86145 2.59216 2.77129 3.2864 4.73126 6.75189
7100 2.83678 2.50788 2.79553 3.12033 4.51938 6.49011
7200 2.82146 2.39287 2.71974 3.01415 4.46136 6.39939
7300 2.87945 2.60892 2.75365 3.00572 4.37821 6.25109
7400 2.79589 2.37565 2.796 2.98652 4.27681 6.06684
7500 2.77858 2.23009 2.75156 2.93881 4.31373 5.98293
7600 2.83222 2.50789 2.74688 2.97472 4.2738 5.90553
7700 2.5361 2.67612 2.83909 2.9584 4.12947 5.80042
7800 2.67762 2.67218 2.79812 2.97309 4.10225 5.65541
7900 2.45765 2.48396 2.7489 2.8817 4.04712 5.60178
8000 2.87272 2.50513 2.77613 2.94276 3.99077 5.42895
